{
  "stats": {
    "suites": 0,
    "tests": 2,
    "passes": 2,
    "pending": 0,
    "failures": 0,
    "start": "2023-07-05T14:06:58.563Z",
    "end": "2023-07-05T14:07:03.449Z",
    "duration": 4886,
    "testsRegistered": 2,
    "passPercent": 100,
    "pendingPercent": 0,
    "other": 0,
    "hasOther": false,
    "skipped": 0,
    "hasSkipped": false
  },
  "results": [
    {
      "uuid": "c431dfd1-b427-47b5-aaa3-4b2de321fa87",
      "title": "",
      "fullFile": "cypress/integration/sanber_TA.ts",
      "file": "cypress/integration/sanber_TA.ts",
      "beforeHooks": [],
      "afterHooks": [],
      "tests": [
        {
          "title": "ATC then purchase",
          "fullTitle": "ATC then purchase",
          "timedOut": null,
          "duration": 2204,
          "state": "passed",
          "speed": "fast",
          "pass": true,
          "fail": false,
          "pending": false,
          "context": null,
          "code": "loginPage.login(URL, 'standard_user', 'secret_sauce');\nloginPage.assertLogin();\ndashboardPage.purchaseATC();",
          "err": {},
          "uuid": "6cc2de54-5002-49b1-ad3c-cd81455448f8",
          "parentUUID": "c431dfd1-b427-47b5-aaa3-4b2de321fa87",
          "isHook": false,
          "skipped": false
        },
        {
          "title": "Add to cart then remove",
          "fullTitle": "Add to cart then remove",
          "timedOut": null,
          "duration": 1248,
          "state": "passed",
          "speed": "fast",
          "pass": true,
          "fail": false,
          "pending": false,
          "context": null,
          "code": "loginPage.login(URL, 'standard_user', 'secret_sauce');\nloginPage.assertLogin();\ndashboardPage.deleteCartItem();",
          "err": {},
          "uuid": "bf7599c2-8a48-4931-8918-68edaf8b4b3c",
          "parentUUID": "c431dfd1-b427-47b5-aaa3-4b2de321fa87",
          "isHook": false,
          "skipped": false
        }
      ],
      "suites": [],
      "passes": [
        "6cc2de54-5002-49b1-ad3c-cd81455448f8",
        "bf7599c2-8a48-4931-8918-68edaf8b4b3c"
      ],
      "failures": [],
      "pending": [],
      "skipped": [],
      "duration": 3452,
      "root": true,
      "rootEmpty": false,
      "_timeout": 2000
    }
  ],
  "meta": {
    "mocha": {
      "version": "7.0.1"
    },
    "mochawesome": {
      "options": {
        "quiet": false,
        "reportFilename": "mochawesome",
        "saveHtml": false,
        "saveJson": true,
        "consoleReporter": "spec",
        "useInlineDiffs": false,
        "code": true
      },
      "version": "7.1.3"
    },
    "marge": {
      "options": {
        "chart": true,
        "overwrite": false,
        "html": false,
        "json": true,
        "reportDir": "cypress/reports"
      },
      "version": "6.2.0"
    }
  }
}